[2023-04-28 08:15:16] [INFO]    [OmnipathR] Welcome to OmnipathR!
[2023-04-28 08:15:16] [TRACE]   [OmnipathR] Reading JSON from `/home/hpcjaco1/.cache/OmnipathR/cache.json` (encoding: UTF-8).
[2023-04-28 08:15:16] [TRACE]   [OmnipathR] JSON validation successful: TRUE
[2023-04-28 08:15:16] [INFO]    [OmnipathR] Initialized cache: `/home/hpcjaco1/.cache/OmnipathR`.
[2023-04-28 08:15:16] [TRACE]   [OmnipathR] Reading JSON from `/home/hpcjaco1/R/x86_64-pc-linux-gnu-library/4.1/OmnipathR/db/db_def.json` (encoding: UTF-8).
[2023-04-28 08:15:16] [TRACE]   [OmnipathR] JSON validation successful: TRUE
[2023-04-28 08:15:16] [TRACE]   [OmnipathR] Reading JSON from `/home/hpcjaco1/R/x86_64-pc-linux-gnu-library/4.1/OmnipathR/internal/magic_bytes.json` (encoding: UTF-8).
[2023-04-28 08:15:16] [TRACE]   [OmnipathR] JSON validation successful: TRUE
[2023-04-28 08:15:16] [TRACE]   [OmnipathR] Reading JSON from `/home/hpcjaco1/R/x86_64-pc-linux-gnu-library/4.1/OmnipathR/internal/urls.json` (encoding: UTF-8).
[2023-04-28 08:15:16] [TRACE]   [OmnipathR] JSON validation successful: TRUE
[2023-04-28 08:15:16] [TRACE]   [OmnipathR] Reading JSON from `/home/hpcjaco1/R/x86_64-pc-linux-gnu-library/4.1/OmnipathR/internal/id_types.json` (encoding: UTF-8).
[2023-04-28 08:15:16] [TRACE]   [OmnipathR] JSON validation successful: TRUE
[2023-04-28 08:15:16] [INFO]    [OmnipathR] Welcome to OmnipathR![2023-04-28 08:15:16] [INFO]    [OmnipathR] Welcome to OmnipathR!
[2023-04-28 08:15:16] [INFO]    [OmnipathR] Welcome to OmnipathR!
[2023-04-28 08:15:17] [TRACE]   [OmnipathR] Reading JSON from `/home/hpcjaco1/.cache/OmnipathR/cache.json` (encoding: UTF-8).
[2023-04-28 08:15:18] [TRACE]   [OmnipathR] Reading JSON from `/home/hpcjaco1/.cache/OmnipathR/cache.json` (encoding: UTF-8).
[2023-04-28 08:15:18] [TRACE]   [OmnipathR] Reading JSON from `/home/hpcjaco1/.cache/OmnipathR/cache.json` (encoding: UTF-8).
[2023-04-28 08:15:18] [TRACE]   [OmnipathR] JSON validation successful: TRUE
[2023-04-28 08:15:18] [TRACE]   [OmnipathR] JSON validation successful: TRUE
[2023-04-28 08:15:18] [TRACE]   [OmnipathR] JSON validation successful: TRUE
[2023-04-28 08:15:18] [INFO]    [OmnipathR] Initialized cache: `/home/hpcjaco1/.cache/OmnipathR`.
[2023-04-28 08:15:19] [INFO]    [OmnipathR] Initialized cache: `/home/hpcjaco1/.cache/OmnipathR`.
[2023-04-28 08:15:19] [INFO]    [OmnipathR] Initialized cache: `/home/hpcjaco1/.cache/OmnipathR`.
[2023-04-28 08:15:19] [TRACE]   [OmnipathR] Reading JSON from `/home/hpcjaco1/R/x86_64-pc-linux-gnu-library/4.1/OmnipathR/db/db_def.json` (encoding: UTF-8).
[2023-04-28 08:15:20] [TRACE]   [OmnipathR] Reading JSON from `/home/hpcjaco1/R/x86_64-pc-linux-gnu-library/4.1/OmnipathR/db/db_def.json` (encoding: UTF-8).
[2023-04-28 08:15:20] [TRACE]   [OmnipathR] Reading JSON from `/home/hpcjaco1/R/x86_64-pc-linux-gnu-library/4.1/OmnipathR/db/db_def.json` (encoding: UTF-8).
[2023-04-28 08:15:20] [TRACE]   [OmnipathR] JSON validation successful: TRUE
[2023-04-28 08:15:20] [TRACE]   [OmnipathR] JSON validation successful: TRUE
[2023-04-28 08:15:20] [TRACE]   [OmnipathR] JSON validation successful: TRUE
[2023-04-28 08:15:20] [TRACE]   [OmnipathR] Reading JSON from `/home/hpcjaco1/R/x86_64-pc-linux-gnu-library/4.1/OmnipathR/internal/magic_bytes.json` (encoding: UTF-8).
[2023-04-28 08:15:20] [TRACE]   [OmnipathR] Reading JSON from `/home/hpcjaco1/R/x86_64-pc-linux-gnu-library/4.1/OmnipathR/internal/magic_bytes.json` (encoding: UTF-8).
[2023-04-28 08:15:21] [TRACE]   [OmnipathR] Reading JSON from `/home/hpcjaco1/R/x86_64-pc-linux-gnu-library/4.1/OmnipathR/internal/magic_bytes.json` (encoding: UTF-8).
[2023-04-28 08:15:21] [TRACE]   [OmnipathR] JSON validation successful: TRUE
[2023-04-28 08:15:21] [TRACE]   [OmnipathR] JSON validation successful: TRUE
[2023-04-28 08:15:22] [TRACE]   [OmnipathR] JSON validation successful: TRUE
[2023-04-28 08:15:22] [TRACE]   [OmnipathR] Reading JSON from `/home/hpcjaco1/R/x86_64-pc-linux-gnu-library/4.1/OmnipathR/internal/urls.json` (encoding: UTF-8).
[2023-04-28 08:15:22] [TRACE]   [OmnipathR] Reading JSON from `/home/hpcjaco1/R/x86_64-pc-linux-gnu-library/4.1/OmnipathR/internal/urls.json` (encoding: UTF-8).
[2023-04-28 08:15:22] [TRACE]   [OmnipathR] Reading JSON from `/home/hpcjaco1/R/x86_64-pc-linux-gnu-library/4.1/OmnipathR/internal/urls.json` (encoding: UTF-8).
[2023-04-28 08:15:23] [TRACE]   [OmnipathR] JSON validation successful: TRUE
[2023-04-28 08:15:23] [TRACE]   [OmnipathR] JSON validation successful: TRUE
[2023-04-28 08:15:23] [TRACE]   [OmnipathR] JSON validation successful: TRUE
[2023-04-28 08:15:24] [TRACE]   [OmnipathR] Reading JSON from `/home/hpcjaco1/R/x86_64-pc-linux-gnu-library/4.1/OmnipathR/internal/id_types.json` (encoding: UTF-8).
[2023-04-28 08:15:24] [TRACE]   [OmnipathR] Reading JSON from `/home/hpcjaco1/R/x86_64-pc-linux-gnu-library/4.1/OmnipathR/internal/id_types.json` (encoding: UTF-8).
[2023-04-28 08:15:24] [TRACE]   [OmnipathR] Reading JSON from `/home/hpcjaco1/R/x86_64-pc-linux-gnu-library/4.1/OmnipathR/internal/id_types.json` (encoding: UTF-8).
[2023-04-28 08:15:24] [TRACE]   [OmnipathR] JSON validation successful: TRUE
[2023-04-28 08:15:24] [TRACE]   [OmnipathR] JSON validation successful: TRUE
[2023-04-28 08:15:24] [TRACE]   [OmnipathR] JSON validation successful: TRUE

